#
# There is insufficient memory for the Java Runtime Environment to continue.
# Native memory allocation (malloc) failed to allocate 1664816 bytes. Error detail: Chunk::new
# Possible reasons:
#   The system is out of physical RAM or swap space
#   This process is running with CompressedOops enabled, and the Java Heap may be blocking the growth of the native heap
# Possible solutions:
#   Reduce memory load on the system
#   Increase physical memory or swap space
#   Check if swap backing store is full
#   Decrease Java heap size (-Xmx/-Xms)
#   Decrease number of Java threads
#   Decrease Java thread stack sizes (-Xss)
#   Set larger code cache with -XX:ReservedCodeCacheSize=
#   JVM is running with Zero Based Compressed Oops mode in which the Java heap is
#     placed in the first 32GB address space. The Java Heap base address is the
#     maximum limit for the native heap growth. Please use -XX:HeapBaseMinAddress
#     to set the Java Heap base and to place the Java Heap above 32GB virtual address.
# This output file may be truncated or incomplete.
#
#  Out of Memory Error (arena.cpp:191), pid=18832, tid=6104
#
# JRE version: OpenJDK Runtime Environment Corretto-17.0.13.11.1 (17.0.13+11) (build 17.0.13+11-LTS)
# Java VM: OpenJDK 64-Bit Server VM Corretto-17.0.13.11.1 (17.0.13+11-LTS, mixed mode, sharing, tiered, compressed oops, compressed class ptrs, g1 gc, windows-amd64)
# No core dump will be written. Minidumps are not enabled by default on client versions of Windows
#

---------------  S U M M A R Y ------------

Command Line: -javaagent:C:\\Users\\yojah\\.m2\\repository\\org\\jacoco\\org.jacoco.agent\\0.8.8\\org.jacoco.agent-0.8.8-runtime.jar=destfile=D:\\Estudios_2024\\Bootcamp-Java-Girl-Tech\\Proyecto Final\\transactionsMS\\target\\jacoco.exec C:\Users\yojah\AppData\Local\Temp\surefire2528661382579000757\surefirebooter-20241203024111262_3.jar C:\Users\yojah\AppData\Local\Temp\surefire2528661382579000757 2024-12-03T02-41-11_114-jvmRun1 surefire-20241203024111262_1tmp surefire_0-20241203024111262_2tmp

Host: AMD Ryzen 7 5800H with Radeon Graphics         , 16 cores, 15G,  Windows 11 , 64 bit Build 22621 (10.0.22621.4391)
Time: Tue Dec  3 02:41:12 2024 Hora est. Pacífico, Sudamérica elapsed time: 1.095733 seconds (0d 0h 0m 1s)

---------------  T H R E A D  ---------------

Current thread (0x0000021700b56430):  JavaThread "C2 CompilerThread6" daemon [_thread_in_native, id=6104, stack(0x0000005ba8500000,0x0000005ba8600000)]


Current CompileTask:
C2:   1095 2236       4       org.jacoco.agent.rt.internal_b6258fc.asm.SymbolTable::<init> (536 bytes)

Stack: [0x0000005ba8500000,0x0000005ba8600000]
Native frames: (J=compiled Java code, j=interpreted, Vv=VM code, C=native code)
V  [jvm.dll+0x680c19]
V  [jvm.dll+0x83888a]
V  [jvm.dll+0x83a34e]
V  [jvm.dll+0x83a9b3]
V  [jvm.dll+0x2481af]
V  [jvm.dll+0xac9f4]
V  [jvm.dll+0xad03c]
V  [jvm.dll+0x367762]
V  [jvm.dll+0x331b9a]
V  [jvm.dll+0x33103a]
V  [jvm.dll+0x21a701]
V  [jvm.dll+0x219b41]
V  [jvm.dll+0x1a58ed]
V  [jvm.dll+0x22988d]
V  [jvm.dll+0x227a1c]
V  [jvm.dll+0x7ed737]
V  [jvm.dll+0x7e7b2c]
V  [jvm.dll+0x67fae7]
C  [ucrtbase.dll+0x29333]
C  [KERNEL32.DLL+0x1259d]
C  [ntdll.dll+0x5af38]


---------------  P R O C E S S  ---------------

Threads class SMR info:
_java_thread_list=0x0000021702b287b0, length=23, elements={
0x0000021716a99f70, 0x000002173a033a90, 0x000002173a034710, 0x000002173a052370,
0x000002173a053c50, 0x000002173a054520, 0x000002173a056ef0, 0x000002173a059110,
0x000002173a05d1e0, 0x000002173a065f10, 0x000002173a01ca20, 0x000002173a162fd0,
0x000002173a164500, 0x000002173a164a20, 0x000002173a17bd60, 0x000002173a9ea5b0,
0x0000021716a9be00, 0x0000021700643f80, 0x000002173aaa7a30, 0x000002170057c0c0,
0x000002173aaa7f10, 0x000002173aaa8430, 0x0000021700b56430
}

Java Threads: ( => current thread )
  0x0000021716a99f70 JavaThread "main" [_thread_in_vm, id=8308, stack(0x0000005ba6400000,0x0000005ba6500000)]
  0x000002173a033a90 JavaThread "Reference Handler" daemon [_thread_blocked, id=14508, stack(0x0000005ba6b00000,0x0000005ba6c00000)]
  0x000002173a034710 JavaThread "Finalizer" daemon [_thread_blocked, id=31232, stack(0x0000005ba6c00000,0x0000005ba6d00000)]
  0x000002173a052370 JavaThread "Signal Dispatcher" daemon [_thread_blocked, id=2336, stack(0x0000005ba6d00000,0x0000005ba6e00000)]
  0x000002173a053c50 JavaThread "Attach Listener" daemon [_thread_blocked, id=31304, stack(0x0000005ba6e00000,0x0000005ba6f00000)]
  0x000002173a054520 JavaThread "Service Thread" daemon [_thread_blocked, id=27972, stack(0x0000005ba6f00000,0x0000005ba7000000)]
  0x000002173a056ef0 JavaThread "Monitor Deflation Thread" daemon [_thread_blocked, id=23864, stack(0x0000005ba7000000,0x0000005ba7100000)]
  0x000002173a059110 JavaThread "C2 CompilerThread0" daemon [_thread_in_native, id=31688, stack(0x0000005ba7100000,0x0000005ba7200000)]
  0x000002173a05d1e0 JavaThread "C1 CompilerThread0" daemon [_thread_blocked, id=14356, stack(0x0000005ba7200000,0x0000005ba7300000)]
  0x000002173a065f10 JavaThread "Sweeper thread" daemon [_thread_blocked, id=28920, stack(0x0000005ba7300000,0x0000005ba7400000)]
  0x000002173a01ca20 JavaThread "Common-Cleaner" daemon [_thread_blocked, id=18956, stack(0x0000005ba7400000,0x0000005ba7500000)]
  0x000002173a162fd0 JavaThread "C1 CompilerThread1" daemon [_thread_in_native, id=31184, stack(0x0000005ba7500000,0x0000005ba7600000)]
  0x000002173a164500 JavaThread "C1 CompilerThread2" daemon [_thread_in_native, id=24828, stack(0x0000005ba7600000,0x0000005ba7700000)]
  0x000002173a164a20 JavaThread "C1 CompilerThread3" daemon [_thread_blocked, id=27496, stack(0x0000005ba7700000,0x0000005ba7800000)]
  0x000002173a17bd60 JavaThread "C2 CompilerThread1" daemon [_thread_blocked, id=31648, stack(0x0000005ba7800000,0x0000005ba7900000)]
  0x000002173a9ea5b0 JavaThread "Notification Thread" daemon [_thread_blocked, id=13140, stack(0x0000005ba7900000,0x0000005ba7a00000)]
  0x0000021716a9be00 JavaThread "C2 CompilerThread2" daemon [_thread_blocked, id=1576, stack(0x0000005ba7b00000,0x0000005ba7c00000)]
  0x0000021700643f80 JavaThread "surefire-forkedjvm-stream-flusher" daemon [_thread_blocked, id=28216, stack(0x0000005ba7c00000,0x0000005ba7d00000)]
  0x000002173aaa7a30 JavaThread "surefire-forkedjvm-command-thread" daemon [_thread_in_native, id=27004, stack(0x0000005ba8100000,0x0000005ba8200000)]
  0x000002170057c0c0 JavaThread "C2 CompilerThread3" daemon [_thread_blocked, id=16824, stack(0x0000005ba8200000,0x0000005ba8300000)]
  0x000002173aaa7f10 JavaThread "C2 CompilerThread4" daemon [_thread_blocked, id=11956, stack(0x0000005ba8300000,0x0000005ba8400000)]
  0x000002173aaa8430 JavaThread "C2 CompilerThread5" daemon [_thread_blocked, id=22412, stack(0x0000005ba8400000,0x0000005ba8500000)]
=>0x0000021700b56430 JavaThread "C2 CompilerThread6" daemon [_thread_in_native, id=6104, stack(0x0000005ba8500000,0x0000005ba8600000)]

Other Threads:
  0x000002173a02ebb0 VMThread "VM Thread" [stack: 0x0000005ba6a00000,0x0000005ba6b00000] [id=3516]
  0x000002173a7042e0 WatcherThread [stack: 0x0000005ba7a00000,0x0000005ba7b00000] [id=16200]
  0x0000021716b05030 GCTaskThread "GC Thread#0" [stack: 0x0000005ba6500000,0x0000005ba6600000] [id=1476]
  0x000002173aaa9800 GCTaskThread "GC Thread#1" [stack: 0x0000005ba7d00000,0x0000005ba7e00000] [id=30888]
  0x000002173aaa9ac0 GCTaskThread "GC Thread#2" [stack: 0x0000005ba7e00000,0x0000005ba7f00000] [id=30380]
  0x0000021700626ad0 GCTaskThread "GC Thread#3" [stack: 0x0000005ba7f00000,0x0000005ba8000000] [id=3032]
  0x0000021700626d90 GCTaskThread "GC Thread#4" [stack: 0x0000005ba8000000,0x0000005ba8100000] [id=22944]
  0x00000217028e94d0 GCTaskThread "GC Thread#5" [stack: 0x0000005ba8600000,0x0000005ba8700000] [id=412]
  0x00000217012cf660 GCTaskThread "GC Thread#6" [stack: 0x0000005ba8700000,0x0000005ba8800000] [id=28328]
  0x0000021700973fe0 GCTaskThread "GC Thread#7" [stack: 0x0000005ba8800000,0x0000005ba8900000] [id=18340]
  0x0000021716b16550 ConcurrentGCThread "G1 Main Marker" [stack: 0x0000005ba6600000,0x0000005ba6700000] [id=11904]
  0x0000021716b19620 ConcurrentGCThread "G1 Conc#0" [stack: 0x0000005ba6700000,0x0000005ba6800000] [id=4128]
  0x0000021739ee4800 ConcurrentGCThread "G1 Refine#0" [stack: 0x0000005ba6800000,0x0000005ba6900000] [id=20048]
  0x0000021739ee6140 ConcurrentGCThread "G1 Service" [stack: 0x0000005ba6900000,0x0000005ba6a00000] [id=27632]

Threads with active compile tasks:
C2 CompilerThread0     1107 2255   !   4       jdk.internal.loader.URLClassPath$JarLoader::getResource (354 bytes)
C2 CompilerThread6     1107 2236       4       org.jacoco.agent.rt.internal_b6258fc.asm.SymbolTable::<init> (536 bytes)

VM state: not at safepoint (normal execution)

VM Mutex/Monitor currently owned by a thread:  ([mutex/lock_event])
[0x0000021716a932a0] SystemDictionary_lock - owner thread: 0x0000000000000000

Heap address: 0x000000070a400000, size: 3932 MB, Compressed Oops mode: Zero based, Oop shift amount: 3

CDS archive(s) mapped at: [0x000002173b000000-0x000002173bbb0000-0x000002173bbb0000), size 12255232, SharedBaseAddress: 0x000002173b000000, ArchiveRelocationMode: 1.
Compressed class space mapped at: 0x000002173c000000-0x000002177c000000, reserved size: 1073741824
Narrow klass base: 0x000002173b000000, Narrow klass shift: 0, Narrow klass range: 0x100000000

GC Precious Log:
 CPUs: 16 total, 16 available
 Memory: 15720M
 Large Page Support: Disabled
 NUMA Support: Disabled
 Compressed Oops: Enabled (Zero based)
 Heap Region Size: 2M
 Heap Min Capacity: 8M
 Heap Initial Capacity: 246M
 Heap Max Capacity: 3932M
 Pre-touch: Disabled
 Parallel Workers: 13
 Concurrent Workers: 3
 Concurrent Refinement Workers: 13
 Periodic GC: Disabled

Heap:
 garbage-first heap   total 251904K, used 48243K [0x000000070a400000, 0x0000000800000000)
  region size 2048K, 22 young (45056K), 1 survivors (2048K)
 Metaspace       used 8285K, committed 8448K, reserved 1114112K
  class space    used 950K, committed 1024K, reserved 1048576K

Heap Regions: E=young(eden), S=young(survivor), O=old, HS=humongous(starts), HC=humongous(continues), CS=collection set, F=free, OA=open archive, CA=closed archive, TAMS=top-at-mark-start (previous, next)
|   0|0x000000070a400000, 0x000000070a600000, 0x000000070a600000|100%| O|  |TAMS 0x000000070a400000, 0x000000070a400000| Untracked 
|   1|0x000000070a600000, 0x000000070a800000, 0x000000070a800000|100%| O|  |TAMS 0x000000070a600000, 0x000000070a600000| Untracked 
|   2|0x000000070a800000, 0x000000070a9a0000, 0x000000070aa00000| 81%| O|  |TAMS 0x000000070a800000, 0x000000070a800000| Untracked 
|   3|0x000000070aa00000, 0x000000070aa00000, 0x000000070ac00000|  0%| F|  |TAMS 0x000000070aa00000, 0x000000070aa00000| Untracked 
|   4|0x000000070ac00000, 0x000000070ac00000, 0x000000070ae00000|  0%| F|  |TAMS 0x000000070ac00000, 0x000000070ac00000| Untracked 
|   5|0x000000070ae00000, 0x000000070ae00000, 0x000000070b000000|  0%| F|  |TAMS 0x000000070ae00000, 0x000000070ae00000| Untracked 
|   6|0x000000070b000000, 0x000000070b000000, 0x000000070b200000|  0%| F|  |TAMS 0x000000070b000000, 0x000000070b000000| Untracked 
|   7|0x000000070b200000, 0x000000070b200000, 0x000000070b400000|  0%| F|  |TAMS 0x000000070b200000, 0x000000070b200000| Untracked 
|   8|0x000000070b400000, 0x000000070b400000, 0x000000070b600000|  0%| F|  |TAMS 0x000000070b400000, 0x000000070b400000| Untracked 
|   9|0x000000070b600000, 0x000000070b600000, 0x000000070b800000|  0%| F|  |TAMS 0x000000070b600000, 0x000000070b600000| Untracked 
|  10|0x000000070b800000, 0x000000070b800000, 0x000000070ba00000|  0%| F|  |TAMS 0x000000070b800000, 0x000000070b800000| Untracked 
|  11|0x000000070ba00000, 0x000000070ba00000, 0x000000070bc00000|  0%| F|  |TAMS 0x000000070ba00000, 0x000000070ba00000| Untracked 
|  12|0x000000070bc00000, 0x000000070bc00000, 0x000000070be00000|  0%| F|  |TAMS 0x000000070bc00000, 0x000000070bc00000| Untracked 
|  13|0x000000070be00000, 0x000000070be00000, 0x000000070c000000|  0%| F|  |TAMS 0x000000070be00000, 0x000000070be00000| Untracked 
|  14|0x000000070c000000, 0x000000070c000000, 0x000000070c200000|  0%| F|  |TAMS 0x000000070c000000, 0x000000070c000000| Untracked 
|  15|0x000000070c200000, 0x000000070c200000, 0x000000070c400000|  0%| F|  |TAMS 0x000000070c200000, 0x000000070c200000| Untracked 
|  16|0x000000070c400000, 0x000000070c400000, 0x000000070c600000|  0%| F|  |TAMS 0x000000070c400000, 0x000000070c400000| Untracked 
|  17|0x000000070c600000, 0x000000070c600000, 0x000000070c800000|  0%| F|  |TAMS 0x000000070c600000, 0x000000070c600000| Untracked 
|  18|0x000000070c800000, 0x000000070c800000, 0x000000070ca00000|  0%| F|  |TAMS 0x000000070c800000, 0x000000070c800000| Untracked 
|  19|0x000000070ca00000, 0x000000070ca00000, 0x000000070cc00000|  0%| F|  |TAMS 0x000000070ca00000, 0x000000070ca00000| Untracked 
|  20|0x000000070cc00000, 0x000000070cc00000, 0x000000070ce00000|  0%| F|  |TAMS 0x000000070cc00000, 0x000000070cc00000| Untracked 
|  21|0x000000070ce00000, 0x000000070ce00000, 0x000000070d000000|  0%| F|  |TAMS 0x000000070ce00000, 0x000000070ce00000| Untracked 
|  22|0x000000070d000000, 0x000000070d000000, 0x000000070d200000|  0%| F|  |TAMS 0x000000070d000000, 0x000000070d000000| Untracked 
|  23|0x000000070d200000, 0x000000070d200000, 0x000000070d400000|  0%| F|  |TAMS 0x000000070d200000, 0x000000070d200000| Untracked 
|  24|0x000000070d400000, 0x000000070d400000, 0x000000070d600000|  0%| F|  |TAMS 0x000000070d400000, 0x000000070d400000| Untracked 
|  25|0x000000070d600000, 0x000000070d600000, 0x000000070d800000|  0%| F|  |TAMS 0x000000070d600000, 0x000000070d600000| Untracked 
|  26|0x000000070d800000, 0x000000070d800000, 0x000000070da00000|  0%| F|  |TAMS 0x000000070d800000, 0x000000070d800000| Untracked 
|  27|0x000000070da00000, 0x000000070da00000, 0x000000070dc00000|  0%| F|  |TAMS 0x000000070da00000, 0x000000070da00000| Untracked 
|  28|0x000000070dc00000, 0x000000070dc00000, 0x000000070de00000|  0%| F|  |TAMS 0x000000070dc00000, 0x000000070dc00000| Untracked 
|  29|0x000000070de00000, 0x000000070de00000, 0x000000070e000000|  0%| F|  |TAMS 0x000000070de00000, 0x000000070de00000| Untracked 
|  30|0x000000070e000000, 0x000000070e000000, 0x000000070e200000|  0%| F|  |TAMS 0x000000070e000000, 0x000000070e000000| Untracked 
|  31|0x000000070e200000, 0x000000070e200000, 0x000000070e400000|  0%| F|  |TAMS 0x000000070e200000, 0x000000070e200000| Untracked 
|  32|0x000000070e400000, 0x000000070e400000, 0x000000070e600000|  0%| F|  |TAMS 0x000000070e400000, 0x000000070e400000| Untracked 
|  33|0x000000070e600000, 0x000000070e600000, 0x000000070e800000|  0%| F|  |TAMS 0x000000070e600000, 0x000000070e600000| Untracked 
|  34|0x000000070e800000, 0x000000070e800000, 0x000000070ea00000|  0%| F|  |TAMS 0x000000070e800000, 0x000000070e800000| Untracked 
|  35|0x000000070ea00000, 0x000000070ea00000, 0x000000070ec00000|  0%| F|  |TAMS 0x000000070ea00000, 0x000000070ea00000| Untracked 
|  36|0x000000070ec00000, 0x000000070ec00000, 0x000000070ee00000|  0%| F|  |TAMS 0x000000070ec00000, 0x000000070ec00000| Untracked 
|  37|0x000000070ee00000, 0x000000070ee00000, 0x000000070f000000|  0%| F|  |TAMS 0x000000070ee00000, 0x000000070ee00000| Untracked 
|  38|0x000000070f000000, 0x000000070f000000, 0x000000070f200000|  0%| F|  |TAMS 0x000000070f000000, 0x000000070f000000| Untracked 
|  39|0x000000070f200000, 0x000000070f200000, 0x000000070f400000|  0%| F|  |TAMS 0x000000070f200000, 0x000000070f200000| Untracked 
|  40|0x000000070f400000, 0x000000070f400000, 0x000000070f600000|  0%| F|  |TAMS 0x000000070f400000, 0x000000070f400000| Untracked 
|  41|0x000000070f600000, 0x000000070f600000, 0x000000070f800000|  0%| F|  |TAMS 0x000000070f600000, 0x000000070f600000| Untracked 
|  42|0x000000070f800000, 0x000000070f800000, 0x000000070fa00000|  0%| F|  |TAMS 0x000000070f800000, 0x000000070f800000| Untracked 
|  43|0x000000070fa00000, 0x000000070fa00000, 0x000000070fc00000|  0%| F|  |TAMS 0x000000070fa00000, 0x000000070fa00000| Untracked 
|  44|0x000000070fc00000, 0x000000070fc00000, 0x000000070fe00000|  0%| F|  |TAMS 0x000000070fc00000, 0x000000070fc00000| Untracked 
|  45|0x000000070fe00000, 0x000000070fe00000, 0x0000000710000000|  0%| F|  |TAMS 0x000000070fe00000, 0x000000070fe00000| Untracked 
|  46|0x0000000710000000, 0x0000000710000000, 0x0000000710200000|  0%| F|  |TAMS 0x0000000710000000, 0x0000000710000000| Untracked 
|  47|0x0000000710200000, 0x0000000710200000, 0x0000000710400000|  0%| F|  |TAMS 0x0000000710200000, 0x0000000710200000| Untracked 
|  48|0x0000000710400000, 0x0000000710400000, 0x0000000710600000|  0%| F|  |TAMS 0x0000000710400000, 0x0000000710400000| Untracked 
|  49|0x0000000710600000, 0x0000000710600000, 0x0000000710800000|  0%| F|  |TAMS 0x0000000710600000, 0x0000000710600000| Untracked 
|  50|0x0000000710800000, 0x0000000710800000, 0x0000000710a00000|  0%| F|  |TAMS 0x0000000710800000, 0x0000000710800000| Untracked 
|  51|0x0000000710a00000, 0x0000000710a00000, 0x0000000710c00000|  0%| F|  |TAMS 0x0000000710a00000, 0x0000000710a00000| Untracked 
|  52|0x0000000710c00000, 0x0000000710c00000, 0x0000000710e00000|  0%| F|  |TAMS 0x0000000710c00000, 0x0000000710c00000| Untracked 
|  53|0x0000000710e00000, 0x0000000710e00000, 0x0000000711000000|  0%| F|  |TAMS 0x0000000710e00000, 0x0000000710e00000| Untracked 
|  54|0x0000000711000000, 0x0000000711000000, 0x0000000711200000|  0%| F|  |TAMS 0x0000000711000000, 0x0000000711000000| Untracked 
|  55|0x0000000711200000, 0x0000000711200000, 0x0000000711400000|  0%| F|  |TAMS 0x0000000711200000, 0x0000000711200000| Untracked 
|  56|0x0000000711400000, 0x0000000711400000, 0x0000000711600000|  0%| F|  |TAMS 0x0000000711400000, 0x0000000711400000| Untracked 
|  57|0x0000000711600000, 0x0000000711600000, 0x0000000711800000|  0%| F|  |TAMS 0x0000000711600000, 0x0000000711600000| Untracked 
|  58|0x0000000711800000, 0x0000000711800000, 0x0000000711a00000|  0%| F|  |TAMS 0x0000000711800000, 0x0000000711800000| Untracked 
|  59|0x0000000711a00000, 0x0000000711a00000, 0x0000000711c00000|  0%| F|  |TAMS 0x0000000711a00000, 0x0000000711a00000| Untracked 
|  60|0x0000000711c00000, 0x0000000711c00000, 0x0000000711e00000|  0%| F|  |TAMS 0x0000000711c00000, 0x0000000711c00000| Untracked 
|  61|0x0000000711e00000, 0x0000000711e00000, 0x0000000712000000|  0%| F|  |TAMS 0x0000000711e00000, 0x0000000711e00000| Untracked 
|  62|0x0000000712000000, 0x0000000712000000, 0x0000000712200000|  0%| F|  |TAMS 0x0000000712000000, 0x0000000712000000| Untracked 
|  63|0x0000000712200000, 0x0000000712200000, 0x0000000712400000|  0%| F|  |TAMS 0x0000000712200000, 0x0000000712200000| Untracked 
|  64|0x0000000712400000, 0x0000000712400000, 0x0000000712600000|  0%| F|  |TAMS 0x0000000712400000, 0x0000000712400000| Untracked 
|  65|0x0000000712600000, 0x0000000712600000, 0x0000000712800000|  0%| F|  |TAMS 0x0000000712600000, 0x0000000712600000| Untracked 
|  66|0x0000000712800000, 0x0000000712800000, 0x0000000712a00000|  0%| F|  |TAMS 0x0000000712800000, 0x0000000712800000| Untracked 
|  67|0x0000000712a00000, 0x0000000712a00000, 0x0000000712c00000|  0%| F|  |TAMS 0x0000000712a00000, 0x0000000712a00000| Untracked 
|  68|0x0000000712c00000, 0x0000000712c00000, 0x0000000712e00000|  0%| F|  |TAMS 0x0000000712c00000, 0x0000000712c00000| Untracked 
|  69|0x0000000712e00000, 0x0000000712e00000, 0x0000000713000000|  0%| F|  |TAMS 0x0000000712e00000, 0x0000000712e00000| Untracked 
|  70|0x0000000713000000, 0x0000000713000000, 0x0000000713200000|  0%| F|  |TAMS 0x0000000713000000, 0x0000000713000000| Untracked 
|  71|0x0000000713200000, 0x0000000713200000, 0x0000000713400000|  0%| F|  |TAMS 0x0000000713200000, 0x0000000713200000| Untracked 
|  72|0x0000000713400000, 0x0000000713400000, 0x0000000713600000|  0%| F|  |TAMS 0x0000000713400000, 0x0000000713400000| Untracked 
|  73|0x0000000713600000, 0x0000000713600000, 0x0000000713800000|  0%| F|  |TAMS 0x0000000713600000, 0x0000000713600000| Untracked 
|  74|0x0000000713800000, 0x0000000713800000, 0x0000000713a00000|  0%| F|  |TAMS 0x0000000713800000, 0x0000000713800000| Untracked 
|  75|0x0000000713a00000, 0x0000000713a00000, 0x0000000713c00000|  0%| F|  |TAMS 0x0000000713a00000, 0x0000000713a00000| Untracked 
|  76|0x0000000713c00000, 0x0000000713c00000, 0x0000000713e00000|  0%| F|  |TAMS 0x0000000713c00000, 0x0000000713c00000| Untracked 
|  77|0x0000000713e00000, 0x0000000713e00000, 0x0000000714000000|  0%| F|  |TAMS 0x0000000713e00000, 0x0000000713e00000| Untracked 
|  78|0x0000000714000000, 0x0000000714000000, 0x0000000714200000|  0%| F|  |TAMS 0x0000000714000000, 0x0000000714000000| Untracked 
|  79|0x0000000714200000, 0x0000000714200000, 0x0000000714400000|  0%| F|  |TAMS 0x0000000714200000, 0x0000000714200000| Untracked 
|  80|0x0000000714400000, 0x0000000714400000, 0x0000000714600000|  0%| F|  |TAMS 0x0000000714400000, 0x0000000714400000| Untracked 
|  81|0x0000000714600000, 0x0000000714600000, 0x0000000714800000|  0%| F|  |TAMS 0x0000000714600000, 0x0000000714600000| Untracked 
|  82|0x0000000714800000, 0x0000000714800000, 0x0000000714a00000|  0%| F|  |TAMS 0x0000000714800000, 0x0000000714800000| Untracked 
|  83|0x0000000714a00000, 0x0000000714a00000, 0x0000000714c00000|  0%| F|  |TAMS 0x0000000714a00000, 0x0000000714a00000| Untracked 
|  84|0x0000000714c00000, 0x0000000714c00000, 0x0000000714e00000|  0%| F|  |TAMS 0x0000000714c00000, 0x0000000714c00000| Untracked 
|  85|0x0000000714e00000, 0x0000000714e00000, 0x0000000715000000|  0%| F|  |TAMS 0x0000000714e00000, 0x0000000714e00000| Untracked 
|  86|0x0000000715000000, 0x0000000715000000, 0x0000000715200000|  0%| F|  |TAMS 0x0000000715000000, 0x0000000715000000| Untracked 
|  87|0x0000000715200000, 0x0000000715200000, 0x0000000715400000|  0%| F|  |TAMS 0x0000000715200000, 0x0000000715200000| Untracked 
|  88|0x0000000715400000, 0x0000000715400000, 0x0000000715600000|  0%| F|  |TAMS 0x0000000715400000, 0x0000000715400000| Untracked 
|  89|0x0000000715600000, 0x0000000715600000, 0x0000000715800000|  0%| F|  |TAMS 0x0000000715600000, 0x0000000715600000| Untracked 
|  90|0x0000000715800000, 0x0000000715800000, 0x0000000715a00000|  0%| F|  |TAMS 0x0000000715800000, 0x0000000715800000| Untracked 
|  91|0x0000000715a00000, 0x0000000715a00000, 0x0000000715c00000|  0%| F|  |TAMS 0x0000000715a00000, 0x0000000715a00000| Untracked 
|  92|0x0000000715c00000, 0x0000000715c00000, 0x0000000715e00000|  0%| F|  |TAMS 0x0000000715c00000, 0x0000000715c00000| Untracked 
|  93|0x0000000715e00000, 0x0000000715e00000, 0x0000000716000000|  0%| F|  |TAMS 0x0000000715e00000, 0x0000000715e00000| Untracked 
|  94|0x0000000716000000, 0x0000000716000000, 0x0000000716200000|  0%| F|  |TAMS 0x0000000716000000, 0x0000000716000000| Untracked 
|  95|0x0000000716200000, 0x0000000716200000, 0x0000000716400000|  0%| F|  |TAMS 0x0000000716200000, 0x0000000716200000| Untracked 
|  96|0x0000000716400000, 0x0000000716400000, 0x0000000716600000|  0%| F|  |TAMS 0x0000000716400000, 0x0000000716400000| Untracked 
|  97|0x0000000716600000, 0x0000000716600000, 0x0000000716800000|  0%| F|  |TAMS 0x0000000716600000, 0x0000000716600000| Untracked 
|  98|0x0000000716800000, 0x0000000716800000, 0x0000000716a00000|  0%| F|  |TAMS 0x0000000716800000, 0x0000000716800000| Untracked 
|  99|0x0000000716a00000, 0x0000000716a00000, 0x0000000716c00000|  0%| F|  |TAMS 0x0000000716a00000, 0x0000000716a00000| Untracked 
| 100|0x0000000716c00000, 0x0000000716d00000, 0x0000000716e00000| 50%| E|  |TAMS 0x0000000716c00000, 0x0000000716c00000| Complete 
| 101|0x0000000716e00000, 0x0000000717000000, 0x0000000717000000|100%| E|CS|TAMS 0x0000000716e00000, 0x0000000716e00000| Complete 
| 102|0x0000000717000000, 0x0000000717200000, 0x0000000717200000|100%| E|CS|TAMS 0x0000000717000000, 0x0000000717000000| Complete 
| 103|0x0000000717200000, 0x0000000717400000, 0x0000000717400000|100%| E|CS|TAMS 0x0000000717200000, 0x0000000717200000| Complete 
| 104|0x0000000717400000, 0x0000000717600000, 0x0000000717600000|100%| E|CS|TAMS 0x0000000717400000, 0x0000000717400000| Complete 
| 105|0x0000000717600000, 0x0000000717800000, 0x0000000717800000|100%| E|CS|TAMS 0x0000000717600000, 0x0000000717600000| Complete 
| 106|0x0000000717800000, 0x000000071797cd80, 0x0000000717a00000| 74%| S|CS|TAMS 0x0000000717800000, 0x0000000717800000| Complete 
| 107|0x0000000717a00000, 0x0000000717c00000, 0x0000000717c00000|100%| E|CS|TAMS 0x0000000717a00000, 0x0000000717a00000| Complete 
| 108|0x0000000717c00000, 0x0000000717e00000, 0x0000000717e00000|100%| E|CS|TAMS 0x0000000717c00000, 0x0000000717c00000| Complete 
| 109|0x0000000717e00000, 0x0000000718000000, 0x0000000718000000|100%| E|CS|TAMS 0x0000000717e00000, 0x0000000717e00000| Complete 
| 110|0x0000000718000000, 0x0000000718200000, 0x0000000718200000|100%| E|CS|TAMS 0x0000000718000000, 0x0000000718000000| Complete 
| 111|0x0000000718200000, 0x0000000718400000, 0x0000000718400000|100%| E|CS|TAMS 0x0000000718200000, 0x0000000718200000| Complete 
| 112|0x0000000718400000, 0x0000000718600000, 0x0000000718600000|100%| E|CS|TAMS 0x0000000718400000, 0x0000000718400000| Complete 
| 113|0x0000000718600000, 0x0000000718800000, 0x0000000718800000|100%| E|CS|TAMS 0x0000000718600000, 0x0000000718600000| Complete 
| 114|0x0000000718800000, 0x0000000718a00000, 0x0000000718a00000|100%| E|CS|TAMS 0x0000000718800000, 0x0000000718800000| Complete 
| 115|0x0000000718a00000, 0x0000000718c00000, 0x0000000718c00000|100%| E|CS|TAMS 0x0000000718a00000, 0x0000000718a00000| Complete 
| 116|0x0000000718c00000, 0x0000000718e00000, 0x0000000718e00000|100%| E|CS|TAMS 0x0000000718c00000, 0x0000000718c00000| Complete 
| 117|0x0000000718e00000, 0x0000000719000000, 0x0000000719000000|100%| E|CS|TAMS 0x0000000718e00000, 0x0000000718e00000| Complete 
| 118|0x0000000719000000, 0x0000000719200000, 0x0000000719200000|100%| E|CS|TAMS 0x0000000719000000, 0x0000000719000000| Complete 
| 119|0x0000000719200000, 0x0000000719400000, 0x0000000719400000|100%| E|CS|TAMS 0x0000000719200000, 0x0000000719200000| Complete 
| 120|0x0000000719400000, 0x0000000719600000, 0x0000000719600000|100%| E|CS|TAMS 0x0000000719400000, 0x0000000719400000| Complete 
| 121|0x0000000719600000, 0x0000000719800000, 0x0000000719800000|100%| E|CS|TAMS 0x0000000719600000, 0x0000000719600000| Complete 
| 122|0x0000000719800000, 0x0000000719a00000, 0x0000000719a00000|100%| E|CS|TAMS 0x0000000719800000, 0x0000000719800000| Complete 

Card table byte_map: [0x000002172e600000,0x000002172edb0000] _byte_map_base: 0x000002172adae000

Marking Bits (Prev, Next): (CMBitMap*) 0x0000021716b05650, (CMBitMap*) 0x0000021716b05690
 Prev Bits: [0x000002172f560000, 0x00000217332d0000)
 Next Bits: [0x00000217332d0000, 0x0000021737040000)

Polling page: 0x0000021714850000

Metaspace:

Usage:
  Non-class:      7.19 MB used.
      Class:    953.79 KB used.
       Both:      8.12 MB used.

Virtual space:
  Non-class space:       64.00 MB reserved,       7.31 MB ( 11%) committed,  1 nodes.
      Class space:        1.00 GB reserved,       1.00 MB ( <1%) committed,  1 nodes.
             Both:        1.06 GB reserved,       8.31 MB ( <1%) committed. 

Chunk freelists:
   Non-Class:  7.91 MB
       Class:  14.85 MB
        Both:  22.75 MB

MaxMetaspaceSize: unlimited
CompressedClassSpaceSize: 1.00 GB
Initial GC threshold: 21.00 MB
Current GC threshold: 21.00 MB
CDS: on
MetaspaceReclaimPolicy: balanced
 - commit_granule_bytes: 65536.
 - commit_granule_words: 8192.
 - virtual_space_node_default_size: 8388608.
 - enlarge_chunks_in_place: 1.
 - new_chunks_are_fully_committed: 0.
 - uncommit_free_chunks: 1.
 - use_allocation_guard: 0.
 - handle_deallocations: 1.


Internal statistics:

num_allocs_failed_limit: 0.
num_arena_births: 108.
num_arena_deaths: 0.
num_vsnodes_births: 2.
num_vsnodes_deaths: 0.
num_space_committed: 133.
num_space_uncommitted: 0.
num_chunks_returned_to_freelist: 0.
num_chunks_taken_from_freelist: 400.
num_chunk_merges: 0.
num_chunk_splits: 220.
num_chunks_enlarged: 147.
num_inconsistent_stats: 0.

CodeHeap 'non-profiled nmethods': size=119168Kb used=1344Kb max_used=1344Kb free=117823Kb
 bounds [0x0000021726170000, 0x00000217263e0000, 0x000002172d5d0000]
CodeHeap 'profiled nmethods': size=119104Kb used=4932Kb max_used=4932Kb free=114171Kb
 bounds [0x000002171e5d0000, 0x000002171eab0000, 0x0000021725a20000]
CodeHeap 'non-nmethods': size=7488Kb used=2851Kb max_used=2918Kb free=4636Kb
 bounds [0x0000021725a20000, 0x0000021725d00000, 0x0000021726170000]
 total_blobs=2706 nmethods=2256 adapters=359
 compilation: enabled
              stopped_count=0, restarted_count=0
 full_count=0

Compilation events (20 events):
Event: 1.012 Thread 0x000002173a162fd0 nmethod 2231 0x000002171ea8f290 code [0x000002171ea8f420, 0x000002171ea8f538]
Event: 1.012 Thread 0x000002173a162fd0 2233       3       java.lang.invoke.MemberName::asSpecial (89 bytes)
Event: 1.012 Thread 0x000002173a162fd0 nmethod 2233 0x000002171ea8f610 code [0x000002171ea8f8e0, 0x000002171ea90588]
Event: 1.012 Thread 0x000002173a05d1e0 nmethod 2232 0x000002171ea90a10 code [0x000002171ea90d20, 0x000002171ea91b98]
Event: 1.013 Thread 0x0000021700b56430 2236       4       org.jacoco.agent.rt.internal_b6258fc.asm.SymbolTable::<init> (536 bytes)
Event: 1.014 Thread 0x0000021716a9be00 2237       4       java.lang.String::<init> (74 bytes)
Event: 1.017 Thread 0x0000021716a9be00 nmethod 2237 0x00000217262b9a90 code [0x00000217262b9c20, 0x00000217262ba218]
Event: 1.019 Thread 0x000002173aaa7f10 2238       4       java.util.HashMap::put (13 bytes)
Event: 1.019 Thread 0x000002173a162fd0 2239       3       java.util.HashMap$EntryIterator::next (5 bytes)
Event: 1.019 Thread 0x000002173a05d1e0 2240       3       java.util.HashMap$EntryIterator::next (5 bytes)
Event: 1.019 Thread 0x000002173a164a20 2241       3       java.lang.Character::toUpperCase (9 bytes)
Event: 1.019 Thread 0x000002173a162fd0 nmethod 2239 0x000002171ea92090 code [0x000002171ea92240, 0x000002171ea923c8]
Event: 1.019 Thread 0x000002173a164500 2242       3       java.lang.Character::toUpperCase (6 bytes)
Event: 1.019 Thread 0x000002173a05d1e0 nmethod 2240 0x000002171ea92490 code [0x000002171ea92620, 0x000002171ea92768]
Event: 1.019 Thread 0x000002173a162fd0 2243       3       java.util.TreeMap::parentOf (13 bytes)
Event: 1.020 Thread 0x000002173a164a20 nmethod 2241 0x000002171ea92810 code [0x000002171ea929c0, 0x000002171ea92bb8]
Event: 1.020 Thread 0x000002173a164500 nmethod 2242 0x000002171ea92c90 code [0x000002171ea92e40, 0x000002171ea93098]
Event: 1.020 Thread 0x000002173a162fd0 nmethod 2243 0x000002171ea93190 code [0x000002171ea93320, 0x000002171ea93498]
Event: 1.027 Thread 0x000002173aaa7f10 nmethod 2238 0x00000217262ba390 code [0x00000217262ba5a0, 0x00000217262bb170]
Event: 1.032 Thread 0x000002173a17bd60 nmethod 2223% 0x00000217262bb810 code [0x00000217262bbba0, 0x00000217262bdd30]

GC Heap History (4 events):
Event: 0.338 GC heap before
{Heap before GC invocations=0 (full 0):
 garbage-first heap   total 251904K, used 20480K [0x000000070a400000, 0x0000000800000000)
  region size 2048K, 11 young (22528K), 0 survivors (0K)
 Metaspace       used 3030K, committed 3136K, reserved 1114112K
  class space    used 282K, committed 320K, reserved 1048576K
}
Event: 0.340 GC heap after
{Heap after GC invocations=1 (full 0):
 garbage-first heap   total 251904K, used 6027K [0x000000070a400000, 0x0000000800000000)
  region size 2048K, 2 young (4096K), 2 survivors (4096K)
 Metaspace       used 3030K, committed 3136K, reserved 1114112K
  class space    used 282K, committed 320K, reserved 1048576K
}
Event: 0.604 GC heap before
{Heap before GC invocations=1 (full 0):
 garbage-first heap   total 251904K, used 34699K [0x000000070a400000, 0x0000000800000000)
  region size 2048K, 16 young (32768K), 2 survivors (4096K)
 Metaspace       used 4889K, committed 4992K, reserved 1114112K
  class space    used 462K, committed 512K, reserved 1048576K
}
Event: 0.607 GC heap after
{Heap after GC invocations=2 (full 0):
 garbage-first heap   total 251904K, used 7283K [0x000000070a400000, 0x0000000800000000)
  region size 2048K, 1 young (2048K), 1 survivors (2048K)
 Metaspace       used 4889K, committed 4992K, reserved 1114112K
  class space    used 462K, committed 512K, reserved 1048576K
}

Dll operation events (11 events):
Event: 0.007 Loaded shared library C:\Users\yojah\.jdks\corretto-17.0.13\bin\java.dll
Event: 0.021 Loaded shared library C:\Users\yojah\.jdks\corretto-17.0.13\bin\jsvml.dll
Event: 0.053 Loaded shared library C:\Users\yojah\.jdks\corretto-17.0.13\bin\zip.dll
Event: 0.055 Loaded shared library C:\Users\yojah\.jdks\corretto-17.0.13\bin\instrument.dll
Event: 0.058 Loaded shared library C:\Users\yojah\.jdks\corretto-17.0.13\bin\net.dll
Event: 0.059 Loaded shared library C:\Users\yojah\.jdks\corretto-17.0.13\bin\nio.dll
Event: 0.061 Loaded shared library C:\Users\yojah\.jdks\corretto-17.0.13\bin\zip.dll
Event: 0.143 Loaded shared library C:\Users\yojah\.jdks\corretto-17.0.13\bin\verify.dll
Event: 0.301 Loaded shared library C:\Users\yojah\.jdks\corretto-17.0.13\bin\management.dll
Event: 0.304 Loaded shared library C:\Users\yojah\.jdks\corretto-17.0.13\bin\management_ext.dll
Event: 0.318 Loaded shared library C:\Users\yojah\.jdks\corretto-17.0.13\bin\jimage.dll

Deoptimization events (20 events):
Event: 0.959 Thread 0x0000021716a99f70 DEOPT PACKING pc=0x0000021726261f7c sp=0x0000005ba64fc510
Event: 0.959 Thread 0x0000021716a99f70 DEOPT UNPACKING pc=0x0000021725a769a3 sp=0x0000005ba64fc490 mode 2
Event: 1.013 Thread 0x0000021716a99f70 DEOPT PACKING pc=0x000002171e886a9e sp=0x0000005ba64f7330
Event: 1.013 Thread 0x0000021716a99f70 DEOPT UNPACKING pc=0x0000021725a77143 sp=0x0000005ba64f68b0 mode 0
Event: 1.019 Thread 0x0000021716a99f70 Uncommon trap: trap_request=0xffffffc6 fr.pc=0x000002172626bcb8 relative=0x00000000000013f8
Event: 1.019 Thread 0x0000021716a99f70 Uncommon trap: reason=bimorphic_or_optimized_type_check action=maybe_recompile pc=0x000002172626bcb8 method=java.util.HashMap.putVal(ILjava/lang/Object;Ljava/lang/Object;ZZ)Ljava/lang/Object; @ 56 c2
Event: 1.019 Thread 0x0000021716a99f70 DEOPT PACKING pc=0x000002172626bcb8 sp=0x0000005ba64f8d40
Event: 1.019 Thread 0x0000021716a99f70 DEOPT UNPACKING pc=0x0000021725a769a3 sp=0x0000005ba64f8c70 mode 2
Event: 1.019 Thread 0x0000021716a99f70 Uncommon trap: trap_request=0xffffffc6 fr.pc=0x000002172626bcb8 relative=0x00000000000013f8
Event: 1.019 Thread 0x0000021716a99f70 Uncommon trap: reason=bimorphic_or_optimized_type_check action=maybe_recompile pc=0x000002172626bcb8 method=java.util.HashMap.putVal(ILjava/lang/Object;Ljava/lang/Object;ZZ)Ljava/lang/Object; @ 56 c2
Event: 1.019 Thread 0x0000021716a99f70 DEOPT PACKING pc=0x000002172626bcb8 sp=0x0000005ba64f8d40
Event: 1.019 Thread 0x0000021716a99f70 DEOPT UNPACKING pc=0x0000021725a769a3 sp=0x0000005ba64f8c70 mode 2
Event: 1.019 Thread 0x0000021716a99f70 Uncommon trap: trap_request=0xffffffc6 fr.pc=0x000002172626bcb8 relative=0x00000000000013f8
Event: 1.019 Thread 0x0000021716a99f70 Uncommon trap: reason=bimorphic_or_optimized_type_check action=maybe_recompile pc=0x000002172626bcb8 method=java.util.HashMap.putVal(ILjava/lang/Object;Ljava/lang/Object;ZZ)Ljava/lang/Object; @ 56 c2
Event: 1.019 Thread 0x0000021716a99f70 DEOPT PACKING pc=0x000002172626bcb8 sp=0x0000005ba64f8d40
Event: 1.019 Thread 0x0000021716a99f70 DEOPT UNPACKING pc=0x0000021725a769a3 sp=0x0000005ba64f8c70 mode 2
Event: 1.019 Thread 0x0000021716a99f70 Uncommon trap: trap_request=0xffffffc6 fr.pc=0x000002172626bcb8 relative=0x00000000000013f8
Event: 1.019 Thread 0x0000021716a99f70 Uncommon trap: reason=bimorphic_or_optimized_type_check action=maybe_recompile pc=0x000002172626bcb8 method=java.util.HashMap.putVal(ILjava/lang/Object;Ljava/lang/Object;ZZ)Ljava/lang/Object; @ 56 c2
Event: 1.019 Thread 0x0000021716a99f70 DEOPT PACKING pc=0x000002172626bcb8 sp=0x0000005ba64f8d40
Event: 1.019 Thread 0x0000021716a99f70 DEOPT UNPACKING pc=0x0000021725a769a3 sp=0x0000005ba64f8c70 mode 2

Classes loaded (20 events):
Event: 1.018 Loading class java/lang/ProcessEnvironment
Event: 1.018 Loading class java/lang/ProcessEnvironment done
Event: 1.018 Loading class java/lang/ProcessEnvironment$NameComparator
Event: 1.018 Loading class java/lang/ProcessEnvironment$NameComparator done
Event: 1.018 Loading class java/lang/ProcessEnvironment$EntryComparator
Event: 1.019 Loading class java/lang/ProcessEnvironment$EntryComparator done
Event: 1.019 Loading class java/lang/ProcessEnvironment$CheckedEntrySet
Event: 1.019 Loading class java/lang/ProcessEnvironment$CheckedEntrySet done
Event: 1.019 Loading class java/lang/ProcessEnvironment$CheckedEntrySet$1
Event: 1.019 Loading class java/lang/ProcessEnvironment$CheckedEntrySet$1 done
Event: 1.019 Loading class java/lang/ProcessEnvironment$CheckedEntry
Event: 1.019 Loading class java/lang/ProcessEnvironment$CheckedEntry done
Event: 1.048 Loading class java/lang/ProcessImpl$2
Event: 1.048 Loading class java/lang/ProcessImpl$2 done
Event: 1.048 Loading class java/lang/Process$PipeInputStream
Event: 1.048 Loading class java/lang/Process$PipeInputStream done
Event: 1.048 Loading class jdk/internal/event/ProcessStartEvent
Event: 1.048 Loading class jdk/internal/event/Event
Event: 1.048 Loading class jdk/internal/event/Event done
Event: 1.048 Loading class jdk/internal/event/ProcessStartEvent done

Classes unloaded (0 events):
No events

Classes redefined (0 events):
No events

Internal exceptions (20 events):
Event: 0.801 Thread 0x0000021716a99f70 Exception <a 'java/lang/IncompatibleClassChangeError'{0x000000071876eea0}: Found class java.lang.Object, but interface was expected> (0x000000071876eea0) 
thrown [s\src\hotspot\share\interpreter\linkResolver.cpp, line 826]
Event: 0.855 Thread 0x0000021716a99f70 Exception <a 'java/lang/NoSuchMethodError'{0x0000000718393b50}: 'void java.lang.invoke.DirectMethodHandle$Holder.invokeInterface(java.lang.Object, java.lang.Object, java.lang.Object, java.lang.Object)'> (0x0000000718393b50) 
thrown [s\src\hotspot\share\interpreter\linkResolver.cpp, line 759]
Event: 0.855 Thread 0x0000021716a99f70 Exception <a 'java/lang/IncompatibleClassChangeError'{0x0000000718396fd8}: Found class java.lang.Object, but interface was expected> (0x0000000718396fd8) 
thrown [s\src\hotspot\share\interpreter\linkResolver.cpp, line 826]
Event: 0.875 Thread 0x0000021716a99f70 Exception <a 'java/lang/NoSuchMethodError'{0x0000000717e0cd80}: 'int java.lang.invoke.DirectMethodHandle$Holder.invokeStatic(java.lang.Object, java.lang.Object, java.lang.Object, java.lang.Object)'> (0x0000000717e0cd80) 
thrown [s\src\hotspot\share\interpreter\linkResolver.cpp, line 759]
Event: 0.875 Thread 0x0000021716a99f70 Exception <a 'java/lang/NoSuchMethodError'{0x0000000717e10700}: 'java.lang.Object java.lang.invoke.Invokers$Holder.invokeExact_MT(java.lang.Object, java.lang.Object, java.lang.Object, java.lang.Object, java.lang.Object, java.lang.Object)'> (0x0000000717e10700) 
thrown [s\src\hotspot\share\interpreter\linkResolver.cpp, line 759]
Event: 0.877 Thread 0x0000021716a99f70 Exception <a 'java/lang/NoSuchMethodError'{0x0000000717e20938}: 'int java.lang.invoke.DirectMethodHandle$Holder.invokeStatic(java.lang.Object, java.lang.Object, java.lang.Object, java.lang.Object, java.lang.Object)'> (0x0000000717e20938) 
thrown [s\src\hotspot\share\interpreter\linkResolver.cpp, line 759]
Event: 0.888 Thread 0x0000021716a99f70 Exception <a 'java/lang/NoSuchMethodError'{0x0000000717efdef8}: 'void java.lang.invoke.DirectMethodHandle$Holder.invokeStaticInit(java.lang.Object)'> (0x0000000717efdef8) 
thrown [s\src\hotspot\share\interpreter\linkResolver.cpp, line 759]
Event: 0.921 Thread 0x0000021716a99f70 Exception <a 'java/lang/NoSuchMethodError'{0x0000000717a6db98}: 'int java.lang.invoke.DirectMethodHandle$Holder.invokeStaticInit(java.lang.Object, java.lang.Object)'> (0x0000000717a6db98) 
thrown [s\src\hotspot\share\interpreter\linkResolver.cpp, line 759]
Event: 0.963 Thread 0x0000021716a99f70 Exception <a 'java/lang/NoSuchMethodError'{0x0000000717421640}: 'java.lang.Object java.lang.invoke.DirectMethodHandle$Holder.newInvokeSpecial(java.lang.Object, java.lang.Object, java.lang.Object, java.lang.Object, java.lang.Object, java.lang.Object, java.lang.Object)'> (0x0000000717421640) 
thrown [s\src\hotspot\share\interpreter\linkResolver.cpp, line 759]
Event: 0.963 Thread 0x0000021716a99f70 Exception <a 'java/lang/NoSuchMethodError'{0x00000007174261f8}: 'java.lang.Object java.lang.invoke.Invokers$Holder.linkToTargetMethod(java.lang.Object, java.lang.Object, java.lang.Object, java.lang.Object, java.lang.Object, java.lang.Object, java.lang.Object)'> (0x00000007174261f8) 
thrown [s\src\hotspot\share\interpreter\linkResolver.cpp, line 759]
Event: 0.965 Thread 0x0000021716a99f70 Exception <a 'java/lang/NoSuchMethodError'{0x0000000717443778}: 'java.lang.Object java.lang.invoke.DirectMethodHandle$Holder.invokeInterface(java.lang.Object, java.lang.Object, java.lang.Object, java.lang.Object, java.lang.Object)'> (0x0000000717443778) 
thrown [s\src\hotspot\share\interpreter\linkResolver.cpp, line 759]
Event: 0.965 Thread 0x0000021716a99f70 Exception <a 'java/lang/IncompatibleClassChangeError'{0x0000000717447570}: Found class java.lang.Object, but interface was expected> (0x0000000717447570) 
thrown [s\src\hotspot\share\interpreter\linkResolver.cpp, line 826]
Event: 0.972 Thread 0x0000021716a99f70 Exception <a 'java/lang/NoSuchMethodError'{0x000000071752d788}: 'int java.lang.invoke.DirectMethodHandle$Holder.invokeInterface(java.lang.Object, java.lang.Object)'> (0x000000071752d788) 
thrown [s\src\hotspot\share\interpreter\linkResolver.cpp, line 759]
Event: 0.978 Thread 0x0000021716a99f70 Exception <a 'java/lang/IncompatibleClassChangeError'{0x0000000717575250}: Found class java.lang.Object, but interface was expected> (0x0000000717575250) 
thrown [s\src\hotspot\share\interpreter\linkResolver.cpp, line 826]
Event: 1.010 Thread 0x0000021716a99f70 Exception <a 'java/lang/reflect/InvocationTargetException'{0x0000000716e297f8}> (0x0000000716e297f8) 
thrown [s\src\hotspot\share\runtime\reflection.cpp, line 1128]
Event: 1.011 Thread 0x0000021716a99f70 Exception <a 'java/lang/NoSuchMethodError'{0x0000000716e33b78}: 'java.lang.Object java.lang.invoke.DirectMethodHandle$Holder.invokeStaticInit(java.lang.Object, java.lang.Object, long, java.lang.Object)'> (0x0000000716e33b78) 
thrown [s\src\hotspot\share\interpreter\linkResolver.cpp, line 759]
Event: 1.011 Thread 0x0000021716a99f70 Exception <a 'java/lang/NoSuchMethodError'{0x0000000716e3a870}: 'java.lang.Object java.lang.invoke.DirectMethodHandle$Holder.newInvokeSpecial(java.lang.Object, java.lang.Object, long)'> (0x0000000716e3a870) 
thrown [s\src\hotspot\share\interpreter\linkResolver.cpp, line 759]
Event: 1.012 Thread 0x0000021716a99f70 Exception <a 'java/lang/NoSuchMethodError'{0x0000000716e3f0b0}: 'java.lang.Object java.lang.invoke.Invokers$Holder.linkToTargetMethod(java.lang.Object, long, java.lang.Object)'> (0x0000000716e3f0b0) 
thrown [s\src\hotspot\share\interpreter\linkResolver.cpp, line 759]
Event: 1.047 Thread 0x0000021716a99f70 Exception <a 'java/lang/NoSuchMethodError'{0x0000000716ee4a18}: 'void java.lang.invoke.DirectMethodHandle$Holder.invokeStatic(java.lang.Object, long)'> (0x0000000716ee4a18) 
thrown [s\src\hotspot\share\interpreter\linkResolver.cpp, line 759]
Event: 1.048 Thread 0x0000021716a99f70 Exception <a 'java/lang/NoSuchMethodError'{0x0000000716eea7b0}: 'java.lang.Object java.lang.invoke.DirectMethodHandle$Holder.newInvokeSpecial(java.lang.Object, long)'> (0x0000000716eea7b0) 
thrown [s\src\hotspot\share\interpreter\linkResolver.cpp, line 759]

VM Operations (20 events):
Event: 0.402 Executing VM operation: HandshakeAllThreads
Event: 0.402 Executing VM operation: HandshakeAllThreads done
Event: 0.478 Executing VM operation: ICBufferFull
Event: 0.478 Executing VM operation: ICBufferFull done
Event: 0.492 Executing VM operation: HandshakeAllThreads
Event: 0.492 Executing VM operation: HandshakeAllThreads done
Event: 0.604 Executing VM operation: G1CollectForAllocation
Event: 0.607 Executing VM operation: G1CollectForAllocation done
Event: 0.720 Executing VM operation: HandshakeAllThreads
Event: 0.720 Executing VM operation: HandshakeAllThreads done
Event: 0.720 Executing VM operation: HandshakeAllThreads
Event: 0.720 Executing VM operation: HandshakeAllThreads done
Event: 0.960 Executing VM operation: ICBufferFull
Event: 0.960 Executing VM operation: ICBufferFull done
Event: 0.969 Executing VM operation: HandshakeAllThreads
Event: 0.969 Executing VM operation: HandshakeAllThreads done
Event: 0.992 Executing VM operation: HandshakeAllThreads
Event: 0.992 Executing VM operation: HandshakeAllThreads done
Event: 1.018 Executing VM operation: HandshakeAllThreads
Event: 1.018 Executing VM operation: HandshakeAllThreads done

Memory protections (0 events):
No events

Nmethod flushes (0 events):
No events

Events (20 events):
Event: 0.029 Thread 0x0000021716a99f70 Thread added: 0x000002173a052370
Event: 0.029 Thread 0x0000021716a99f70 Thread added: 0x000002173a053c50
Event: 0.029 Thread 0x0000021716a99f70 Thread added: 0x000002173a054520
Event: 0.030 Thread 0x0000021716a99f70 Thread added: 0x000002173a056ef0
Event: 0.030 Thread 0x0000021716a99f70 Thread added: 0x000002173a059110
Event: 0.030 Thread 0x0000021716a99f70 Thread added: 0x000002173a05d1e0
Event: 0.030 Thread 0x0000021716a99f70 Thread added: 0x000002173a065f10
Event: 0.040 Thread 0x0000021716a99f70 Thread added: 0x000002173a01ca20
Event: 0.044 Thread 0x000002173a05d1e0 Thread added: 0x000002173a162fd0
Event: 0.045 Thread 0x000002173a162fd0 Thread added: 0x000002173a164500
Event: 0.045 Thread 0x000002173a162fd0 Thread added: 0x000002173a164a20
Event: 0.049 Thread 0x000002173a05d1e0 Thread added: 0x000002173a17bd60
Event: 0.202 Thread 0x0000021716a99f70 Thread added: 0x000002173a9ea5b0
Event: 0.206 Thread 0x000002173a059110 Thread added: 0x0000021716a9be00
Event: 0.336 Thread 0x0000021716a99f70 Thread added: 0x0000021700643f80
Event: 0.360 Thread 0x0000021716a99f70 Thread added: 0x000002173aaa7a30
Event: 0.371 Thread 0x000002173a164500 Thread added: 0x000002170057c0c0
Event: 0.374 Thread 0x000002170057c0c0 Thread added: 0x000002173aaa7f10
Event: 0.374 Thread 0x000002170057c0c0 Thread added: 0x000002173aaa8430
Event: 0.557 Thread 0x000002173a05d1e0 Thread added: 0x0000021700b56430


Dynamic libraries:
0x00007ff72bc90000 - 0x00007ff72bc9e000 	C:\Users\yojah\.jdks\corretto-17.0.13\bin\java.exe
0x00007ffe2d1d0000 - 0x00007ffe2d3e7000 	C:\WINDOWS\SYSTEM32\ntdll.dll
0x00007ffe2b460000 - 0x00007ffe2b524000 	C:\WINDOWS\System32\KERNEL32.DLL
0x00007ffe2a500000 - 0x00007ffe2a8b9000 	C:\WINDOWS\System32\KERNELBASE.dll
0x00007ffe2a8c0000 - 0x00007ffe2a9d1000 	C:\WINDOWS\System32\ucrtbase.dll
0x00007ffe23c60000 - 0x00007ffe23c7b000 	C:\Users\yojah\.jdks\corretto-17.0.13\bin\VCRUNTIME140.dll
0x00007ffe23c30000 - 0x00007ffe23c47000 	C:\Users\yojah\.jdks\corretto-17.0.13\bin\jli.dll
0x00007ffe2b690000 - 0x00007ffe2b83e000 	C:\WINDOWS\System32\USER32.dll
0x00007ffe2ada0000 - 0x00007ffe2adc6000 	C:\WINDOWS\System32\win32u.dll
0x00007ffe2c570000 - 0x00007ffe2c599000 	C:\WINDOWS\System32\GDI32.dll
0x00007ffe1a210000 - 0x00007ffe1a4a2000 	C:\WINDOWS\WinSxS\amd64_microsoft.windows.common-controls_6595b64144ccf1df_6.0.22621.4391_none_2715d37f73803e96\COMCTL32.dll
0x00007ffe2aa50000 - 0x00007ffe2ab6b000 	C:\WINDOWS\System32\gdi32full.dll
0x00007ffe2c4c0000 - 0x00007ffe2c567000 	C:\WINDOWS\System32\msvcrt.dll
0x00007ffe2ae50000 - 0x00007ffe2aeea000 	C:\WINDOWS\System32\msvcp_win.dll
0x00007ffe2cd00000 - 0x00007ffe2cd31000 	C:\WINDOWS\System32\IMM32.DLL
0x00007ffe239f0000 - 0x00007ffe239fc000 	C:\Users\yojah\.jdks\corretto-17.0.13\bin\vcruntime140_1.dll
0x00007ffddb940000 - 0x00007ffddb9cd000 	C:\Users\yojah\.jdks\corretto-17.0.13\bin\msvcp140.dll
0x00007ffd6cb80000 - 0x00007ffd6d7ec000 	C:\Users\yojah\.jdks\corretto-17.0.13\bin\server\jvm.dll
0x00007ffe2c2f0000 - 0x00007ffe2c3a2000 	C:\WINDOWS\System32\ADVAPI32.dll
0x00007ffe2d000000 - 0x00007ffe2d0a7000 	C:\WINDOWS\System32\sechost.dll
0x00007ffe2a4d0000 - 0x00007ffe2a4f8000 	C:\WINDOWS\System32\bcrypt.dll
0x00007ffe2ca20000 - 0x00007ffe2cb34000 	C:\WINDOWS\System32\RPCRT4.dll
0x00007ffe2aef0000 - 0x00007ffe2af61000 	C:\WINDOWS\System32\WS2_32.dll
0x00007ffe29330000 - 0x00007ffe2937d000 	C:\WINDOWS\SYSTEM32\POWRPROF.dll
0x00007ffe25ce0000 - 0x00007ffe25d14000 	C:\WINDOWS\SYSTEM32\WINMM.dll
0x00007ffe23750000 - 0x00007ffe2375a000 	C:\WINDOWS\SYSTEM32\VERSION.dll
0x00007ffe29310000 - 0x00007ffe29323000 	C:\WINDOWS\SYSTEM32\UMPDC.dll
0x00007ffe295d0000 - 0x00007ffe295e8000 	C:\WINDOWS\SYSTEM32\kernel.appcore.dll
0x00007ffe239e0000 - 0x00007ffe239ea000 	C:\Users\yojah\.jdks\corretto-17.0.13\bin\jimage.dll
0x00007ffe22510000 - 0x00007ffe22742000 	C:\WINDOWS\SYSTEM32\DBGHELP.DLL
0x00007ffe2af70000 - 0x00007ffe2b2ff000 	C:\WINDOWS\System32\combase.dll
0x00007ffe2b5b0000 - 0x00007ffe2b687000 	C:\WINDOWS\System32\OLEAUT32.dll
0x00007ffe20940000 - 0x00007ffe20972000 	C:\WINDOWS\SYSTEM32\dbgcore.DLL
0x00007ffe2add0000 - 0x00007ffe2ae4b000 	C:\WINDOWS\System32\bcryptPrimitives.dll
0x00007ffdf2ff0000 - 0x00007ffdf2ffe000 	C:\Users\yojah\.jdks\corretto-17.0.13\bin\instrument.dll
0x00007ffdf4270000 - 0x00007ffdf4295000 	C:\Users\yojah\.jdks\corretto-17.0.13\bin\java.dll
0x00007ffdc2c20000 - 0x00007ffdc2cf7000 	C:\Users\yojah\.jdks\corretto-17.0.13\bin\jsvml.dll
0x00007ffe2b8a0000 - 0x00007ffe2c116000 	C:\WINDOWS\System32\SHELL32.dll
0x00007ffe283c0000 - 0x00007ffe28cc3000 	C:\WINDOWS\SYSTEM32\windows.storage.dll
0x00007ffe28280000 - 0x00007ffe283bf000 	C:\WINDOWS\SYSTEM32\wintypes.dll
0x00007ffe2cf00000 - 0x00007ffe2cff9000 	C:\WINDOWS\System32\SHCORE.dll
0x00007ffe2b530000 - 0x00007ffe2b58e000 	C:\WINDOWS\System32\shlwapi.dll
0x00007ffe2a400000 - 0x00007ffe2a42b000 	C:\WINDOWS\SYSTEM32\profapi.dll
0x00007ffdedc80000 - 0x00007ffdedc98000 	C:\Users\yojah\.jdks\corretto-17.0.13\bin\zip.dll
0x00007ffe11ef0000 - 0x00007ffe11f09000 	C:\Users\yojah\.jdks\corretto-17.0.13\bin\net.dll
0x00007ffe26d50000 - 0x00007ffe26e86000 	C:\WINDOWS\SYSTEM32\WINHTTP.dll
0x00007ffe29a60000 - 0x00007ffe29ac9000 	C:\WINDOWS\system32\mswsock.dll
0x00007ffdf4250000 - 0x00007ffdf4266000 	C:\Users\yojah\.jdks\corretto-17.0.13\bin\nio.dll
0x00007ffe12170000 - 0x00007ffe12180000 	C:\Users\yojah\.jdks\corretto-17.0.13\bin\verify.dll
0x00007ffe0a580000 - 0x00007ffe0a597000 	C:\WINDOWS\system32\napinsp.dll
0x00007ffe0a560000 - 0x00007ffe0a57b000 	C:\WINDOWS\system32\pnrpnsp.dll
0x00007ffe28fa0000 - 0x00007ffe290a2000 	C:\WINDOWS\SYSTEM32\DNSAPI.dll
0x00007ffe28f30000 - 0x00007ffe28f5d000 	C:\WINDOWS\SYSTEM32\IPHLPAPI.DLL
0x00007ffe2b890000 - 0x00007ffe2b899000 	C:\WINDOWS\System32\NSI.dll
0x00007ffe09700000 - 0x00007ffe09711000 	C:\WINDOWS\System32\winrnr.dll
0x00007ffe09690000 - 0x00007ffe096a5000 	C:\WINDOWS\system32\wshbth.dll
0x00007ffe09660000 - 0x00007ffe09687000 	C:\WINDOWS\system32\nlansp_c.dll
0x00007ffe25ba0000 - 0x00007ffe25baa000 	C:\Windows\System32\rasadhlp.dll
0x00007ffe25bb0000 - 0x00007ffe25c33000 	C:\WINDOWS\System32\fwpuclnt.dll
0x00007ffe11f20000 - 0x00007ffe11f29000 	C:\Users\yojah\.jdks\corretto-17.0.13\bin\management.dll
0x00007ffe11f10000 - 0x00007ffe11f1b000 	C:\Users\yojah\.jdks\corretto-17.0.13\bin\management_ext.dll
0x00007ffe2cd40000 - 0x00007ffe2cd48000 	C:\WINDOWS\System32\PSAPI.DLL

dbghelp: loaded successfully - version: 4.0.5 - missing functions: none
symbol engine: initialized successfully - sym options: 0x614 - pdb path: .;C:\Users\yojah\.jdks\corretto-17.0.13\bin;C:\WINDOWS\SYSTEM32;C:\WINDOWS\WinSxS\amd64_microsoft.windows.common-controls_6595b64144ccf1df_6.0.22621.4391_none_2715d37f73803e96;C:\Users\yojah\.jdks\corretto-17.0.13\bin\server

VM Arguments:
jvm_args: -javaagent:C:\\Users\\yojah\\.m2\\repository\\org\\jacoco\\org.jacoco.agent\\0.8.8\\org.jacoco.agent-0.8.8-runtime.jar=destfile=D:\\Estudios_2024\\Bootcamp-Java-Girl-Tech\\Proyecto Final\\transactionsMS\\target\\jacoco.exec 
java_command: C:\Users\yojah\AppData\Local\Temp\surefire2528661382579000757\surefirebooter-20241203024111262_3.jar C:\Users\yojah\AppData\Local\Temp\surefire2528661382579000757 2024-12-03T02-41-11_114-jvmRun1 surefire-20241203024111262_1tmp surefire_0-20241203024111262_2tmp
java_class_path (initial): C:\Users\yojah\AppData\Local\Temp\surefire2528661382579000757\surefirebooter-20241203024111262_3.jar
Launcher Type: SUN_STANDARD

[Global flags]
     intx CICompilerCount                          = 12                                        {product} {ergonomic}
     uint ConcGCThreads                            = 3                                         {product} {ergonomic}
     uint G1ConcRefinementThreads                  = 13                                        {product} {ergonomic}
   size_t G1HeapRegionSize                         = 2097152                                   {product} {ergonomic}
    uintx GCDrainStackTargetSize                   = 64                                        {product} {ergonomic}
   size_t InitialHeapSize                          = 257949696                                 {product} {ergonomic}
   size_t MarkStackSize                            = 4194304                                   {product} {ergonomic}
   size_t MaxHeapSize                              = 4123000832                                {product} {ergonomic}
   size_t MaxNewSize                               = 2472542208                                {product} {ergonomic}
   size_t MinHeapDeltaBytes                        = 2097152                                   {product} {ergonomic}
   size_t MinHeapSize                              = 8388608                                   {product} {ergonomic}
    uintx NonNMethodCodeHeapSize                   = 7602480                                {pd product} {ergonomic}
    uintx NonProfiledCodeHeapSize                  = 122027880                              {pd product} {ergonomic}
    uintx ProfiledCodeHeapSize                     = 122027880                              {pd product} {ergonomic}
    uintx ReservedCodeCacheSize                    = 251658240                              {pd product} {ergonomic}
     bool SegmentedCodeCache                       = true                                      {product} {ergonomic}
   size_t SoftMaxHeapSize                          = 4123000832                             {manageable} {ergonomic}
     bool UseCompressedClassPointers               = true                           {product lp64_product} {ergonomic}
     bool UseCompressedOops                        = true                           {product lp64_product} {ergonomic}
     bool UseG1GC                                  = true                                      {product} {ergonomic}
     bool UseLargePagesIndividualAllocation        = false                                  {pd product} {ergonomic}

Logging:
Log output configuration:
 #0: stdout all=warning uptime,level,tags
 #1: stderr all=off uptime,level,tags

Environment Variables:
JAVA_HOME=C:\Program Files\Java\jdk-17
PATH=C:\Program Files\Common Files\Oracle\Java\javapath;C:\Windows\system32;C:\Windows;C:\Windows\System32\Wbem;C:\Windows\System32\WindowsPowerShell\v1.0\;C:\Windows\System32\OpenSSH\;C:\Program Files (x86)\NVIDIA Corporation\PhysX\Common;C:\Program Files\NVIDIA Corporation\NVIDIA NvDLISR;C:\Program Files\dotnet\;C:\Program Files\Microsoft SQL Server\Client SDK\ODBC\170\Tools\Binn\;C:\Program Files (x86)\Microsoft SQL Server\150\Tools\Binn\;C:\Program Files\Microsoft SQL Server\150\Tools\Binn\;C:\Program Files\Microsoft SQL Server\150\DTS\Binn\;C:\Program Files (x86)\Microsoft SQL Server\150\DTS\Binn\;C:\Program Files\Azure Data Studio\bin;C:\WINDOWS\system32;C:\WINDOWS;C:\WINDOWS\System32\Wbem;C:\WINDOWS\System32\WindowsPowerShell\v1.0\;C:\WINDOWS\System32\OpenSSH\;C:\Program Files\nodejs\;C:\Program Files\Git\cmd;C:\tools\apache-maven-3.9.9\bin;C:\Program Files\Java\jdk-17\bin;C:\Users\yojah\AppData\Local\Programs\Python\Python312\;C:\Users\yojah\AppData\Local\Programs\Python\Python312\Scripts;C:\Users\yojah\AppData\Local\Programs\Python\Launcher\;C:\Users\yojah\AppData\Local\Microsoft\WindowsApps;C:\Program Files\Azure Data Studio\bin;C:\Users\yojah\AppData\Local\Programs\Microsoft VS Code\bin;C:\Users\yojah\AppData\Roaming\npm;C:\Program Files\MongoDB\Server\6.0\bin;C:\Program Files\MongoDB\Server\7.0\bin;C:\mongosh-2.2.9\bin;;C:\Program Files\JetBrains\IntelliJ IDEA Community Edition 2024.2.3\bin;C:\Program Files\MongoDB\Server\7.0\bin;
USERNAME=yojah
OS=Windows_NT
PROCESSOR_IDENTIFIER=AMD64 Family 25 Model 80 Stepping 0, AuthenticAMD
TMP=C:\Users\yojah\AppData\Local\Temp
TEMP=C:\Users\yojah\AppData\Local\Temp



Periodic native trim disabled


---------------  S Y S T E M  ---------------

OS:
 Windows 11 , 64 bit Build 22621 (10.0.22621.4391)
OS uptime: 0 days 7:32 hours
Hyper-V role detected

CPU: total 16 (initial active 16) (16 cores per cpu, 2 threads per core) family 25 model 80 stepping 0 microcode 0x0, cx8, cmov, fxsr, ht, mmx, 3dnowpref, sse, sse2, sse3, ssse3, sse4a, sse4.1, sse4.2, popcnt, lzcnt, tsc, tscinvbit, avx, avx2, aes, erms, clmul, bmi1, bmi2, adx, sha, fma, vzeroupper, clflush, clflushopt, hv
Processor Information for processor 0
  Max Mhz: 3201, Current Mhz: 2555, Mhz Limit: 3201
Processor Information for processor 1
  Max Mhz: 3201, Current Mhz: 3201, Mhz Limit: 3201
Processor Information for processor 2
  Max Mhz: 3201, Current Mhz: 3201, Mhz Limit: 3201
Processor Information for processor 3
  Max Mhz: 3201, Current Mhz: 3201, Mhz Limit: 3201
Processor Information for processor 4
  Max Mhz: 3201, Current Mhz: 3201, Mhz Limit: 3201
Processor Information for processor 5
  Max Mhz: 3201, Current Mhz: 3201, Mhz Limit: 3201
Processor Information for processor 6
  Max Mhz: 3201, Current Mhz: 2555, Mhz Limit: 3201
Processor Information for processor 7
  Max Mhz: 3201, Current Mhz: 3201, Mhz Limit: 3201
Processor Information for processor 8
  Max Mhz: 3201, Current Mhz: 3201, Mhz Limit: 3201
Processor Information for processor 9
  Max Mhz: 3201, Current Mhz: 3201, Mhz Limit: 3201
Processor Information for processor 10
  Max Mhz: 3201, Current Mhz: 3201, Mhz Limit: 3201
Processor Information for processor 11
  Max Mhz: 3201, Current Mhz: 2555, Mhz Limit: 3201
Processor Information for processor 12
  Max Mhz: 3201, Current Mhz: 3201, Mhz Limit: 3201
Processor Information for processor 13
  Max Mhz: 3201, Current Mhz: 2555, Mhz Limit: 3201
Processor Information for processor 14
  Max Mhz: 3201, Current Mhz: 3201, Mhz Limit: 3201
Processor Information for processor 15
  Max Mhz: 3201, Current Mhz: 3201, Mhz Limit: 3201

Memory: 4k page, system-wide physical 15720M (1926M free)
TotalPageFile size 21442M (AvailPageFile size 77M)
current process WorkingSet (physical memory assigned to process): 161M, peak: 161M
current process commit charge ("private bytes"): 414M, peak: 419M

vm_info: OpenJDK 64-Bit Server VM (17.0.13+11-LTS) for windows-amd64 JRE (17.0.13+11-LTS), built on Oct 10 2024 19:51:30 by "Administrator" with MS VC++ 16.10 / 16.11 (VS2019)

END.
