#
# There is insufficient memory for the Java Runtime Environment to continue.
# Native memory allocation (malloc) failed to allocate 1048576 bytes. Error detail: AllocateHeap
# Possible reasons:
#   The system is out of physical RAM or swap space
#   This process is running with CompressedOops enabled, and the Java Heap may be blocking the growth of the native heap
# Possible solutions:
#   Reduce memory load on the system
#   Increase physical memory or swap space
#   Check if swap backing store is full
#   Decrease Java heap size (-Xmx/-Xms)
#   Decrease number of Java threads
#   Decrease Java thread stack sizes (-Xss)
#   Set larger code cache with -XX:ReservedCodeCacheSize=
#   JVM is running with Zero Based Compressed Oops mode in which the Java heap is
#     placed in the first 32GB address space. The Java Heap base address is the
#     maximum limit for the native heap growth. Please use -XX:HeapBaseMinAddress
#     to set the Java Heap base and to place the Java Heap above 32GB virtual address.
# This output file may be truncated or incomplete.
#
#  Out of Memory Error (allocation.cpp:44), pid=31092, tid=22988
#
# JRE version:  (17.0.13+11) (build )
# Java VM: OpenJDK 64-Bit Server VM (17.0.13+11-LTS, mixed mode, sharing, tiered, compressed oops, compressed class ptrs, g1 gc, windows-amd64)
# No core dump will be written. Minidumps are not enabled by default on client versions of Windows
#

---------------  S U M M A R Y ------------

Command Line: -Dnet.bytebuddy.agent.attacher.dump= net.bytebuddy.agent.Attacher com.sun.tools.attach.VirtualMachine 18832 C:\Users\yojah\.m2\repository\net\bytebuddy\byte-buddy-agent\1.14.19\byte-buddy-agent-1.14.19.jar false 

Host: AMD Ryzen 7 5800H with Radeon Graphics         , 16 cores, 15G,  Windows 11 , 64 bit Build 22621 (10.0.22621.4391)
Time: Tue Dec  3 02:41:12 2024 Hora est. Pacífico, Sudamérica elapsed time: 0.009857 seconds (0d 0h 0m 0s)

---------------  T H R E A D  ---------------

Current thread (0x0000027c9c9d7c80):  JavaThread "Unknown thread" [_thread_in_vm, id=22988, stack(0x000000c367100000,0x000000c367200000)]

Stack: [0x000000c367100000,0x000000c367200000]
Native frames: (J=compiled Java code, j=interpreted, Vv=VM code, C=native code)
V  [jvm.dll+0x680c19]
V  [jvm.dll+0x83888a]
V  [jvm.dll+0x83a34e]
V  [jvm.dll+0x83a9b3]
V  [jvm.dll+0x2481af]
V  [jvm.dll+0xa70f3]
V  [jvm.dll+0x2e8172]
V  [jvm.dll+0x2e001b]
V  [jvm.dll+0x80a04b]
V  [jvm.dll+0x36d6c1]
V  [jvm.dll+0x7e8975]
V  [jvm.dll+0x3f109f]
V  [jvm.dll+0x3f2c11]
C  [jli.dll+0x52ab]
C  [ucrtbase.dll+0x29333]
C  [KERNEL32.DLL+0x1259d]
C  [ntdll.dll+0x5af38]


---------------  P R O C E S S  ---------------

Threads class SMR info:
_java_thread_list=0x00007ffd6d6b8f58, length=0, elements={
}

Java Threads: ( => current thread )

Other Threads:
  0x0000027c9ca43d30 GCTaskThread "GC Thread#0" [stack: 0x000000c367200000,0x000000c367300000] [id=30748]

[error occurred during error reporting (printing all threads), id 0xc0000005, EXCEPTION_ACCESS_VIOLATION (0xc0000005) at pc=0x00007ffd6ce6ce10]

VM state: not at safepoint (not fully initialized)

VM Mutex/Monitor currently owned by a thread:  ([mutex/lock_event])
[0x0000027c9c9d4a00] Heap_lock - owner thread: 0x0000027c9c9d7c80

Heap address: 0x000000070a400000, size: 3932 MB, Compressed Oops mode: Zero based, Oop shift amount: 3

CDS archive(s) mapped at: [0x0000000000000000-0x0000000000000000-0x0000000000000000), size 0, SharedBaseAddress: 0x0000000800000000, ArchiveRelocationMode: 1.
Narrow klass base: 0x0000000000000000, Narrow klass shift: 0, Narrow klass range: 0x0

GC Precious Log:
<Empty>

Heap:
 garbage-first heap   total 0K, used 0K [0x000000070a400000, 0x0000000800000000)
  region size 2048K, 0 young (0K), 0 survivors (0K)

[error occurred during error reporting (printing heap information), id 0xc0000005, EXCEPTION_ACCESS_VIOLATION (0xc0000005) at pc=0x00007ffd6d259e69]

GC Heap History (0 events):
No events

Dll operation events (1 events):
Event: 0.007 Loaded shared library C:\Users\yojah\.jdks\corretto-17.0.13\bin\java.dll

Deoptimization events (0 events):
No events

Classes loaded (0 events):
No events

Classes unloaded (0 events):
No events

Classes redefined (0 events):
No events

Internal exceptions (0 events):
No events

VM Operations (0 events):
No events

Memory protections (0 events):
No events

Nmethod flushes (0 events):
No events

Events (0 events):
No events


Dynamic libraries:
0x00007ff72bc90000 - 0x00007ff72bc9e000 	C:\Users\yojah\.jdks\corretto-17.0.13\bin\java.exe
0x00007ffe2d1d0000 - 0x00007ffe2d3e7000 	C:\WINDOWS\SYSTEM32\ntdll.dll
0x00007ffe2b460000 - 0x00007ffe2b524000 	C:\WINDOWS\System32\KERNEL32.DLL
0x00007ffe2a500000 - 0x00007ffe2a8b9000 	C:\WINDOWS\System32\KERNELBASE.dll
0x00007ffe2a8c0000 - 0x00007ffe2a9d1000 	C:\WINDOWS\System32\ucrtbase.dll
0x00007ffe23c30000 - 0x00007ffe23c47000 	C:\Users\yojah\.jdks\corretto-17.0.13\bin\jli.dll
0x00007ffe23c60000 - 0x00007ffe23c7b000 	C:\Users\yojah\.jdks\corretto-17.0.13\bin\VCRUNTIME140.dll
0x00007ffe2b690000 - 0x00007ffe2b83e000 	C:\WINDOWS\System32\USER32.dll
0x00007ffe2ada0000 - 0x00007ffe2adc6000 	C:\WINDOWS\System32\win32u.dll
0x00007ffe2c570000 - 0x00007ffe2c599000 	C:\WINDOWS\System32\GDI32.dll
0x00007ffe1a210000 - 0x00007ffe1a4a2000 	C:\WINDOWS\WinSxS\amd64_microsoft.windows.common-controls_6595b64144ccf1df_6.0.22621.4391_none_2715d37f73803e96\COMCTL32.dll
0x00007ffe2aa50000 - 0x00007ffe2ab6b000 	C:\WINDOWS\System32\gdi32full.dll
0x00007ffe2ae50000 - 0x00007ffe2aeea000 	C:\WINDOWS\System32\msvcp_win.dll
0x00007ffe2c4c0000 - 0x00007ffe2c567000 	C:\WINDOWS\System32\msvcrt.dll
0x00007ffe2cd00000 - 0x00007ffe2cd31000 	C:\WINDOWS\System32\IMM32.DLL
0x00007ffe239f0000 - 0x00007ffe239fc000 	C:\Users\yojah\.jdks\corretto-17.0.13\bin\vcruntime140_1.dll
0x00007ffddb940000 - 0x00007ffddb9cd000 	C:\Users\yojah\.jdks\corretto-17.0.13\bin\msvcp140.dll
0x00007ffd6cb80000 - 0x00007ffd6d7ec000 	C:\Users\yojah\.jdks\corretto-17.0.13\bin\server\jvm.dll
0x00007ffe2c2f0000 - 0x00007ffe2c3a2000 	C:\WINDOWS\System32\ADVAPI32.dll
0x00007ffe2d000000 - 0x00007ffe2d0a7000 	C:\WINDOWS\System32\sechost.dll
0x00007ffe2a4d0000 - 0x00007ffe2a4f8000 	C:\WINDOWS\System32\bcrypt.dll
0x00007ffe2ca20000 - 0x00007ffe2cb34000 	C:\WINDOWS\System32\RPCRT4.dll
0x00007ffe2aef0000 - 0x00007ffe2af61000 	C:\WINDOWS\System32\WS2_32.dll
0x00007ffe29330000 - 0x00007ffe2937d000 	C:\WINDOWS\SYSTEM32\POWRPROF.dll
0x00007ffe25ce0000 - 0x00007ffe25d14000 	C:\WINDOWS\SYSTEM32\WINMM.dll
0x00007ffe23750000 - 0x00007ffe2375a000 	C:\WINDOWS\SYSTEM32\VERSION.dll
0x00007ffe29310000 - 0x00007ffe29323000 	C:\WINDOWS\SYSTEM32\UMPDC.dll
0x00007ffe295d0000 - 0x00007ffe295e8000 	C:\WINDOWS\SYSTEM32\kernel.appcore.dll
0x00007ffe239e0000 - 0x00007ffe239ea000 	C:\Users\yojah\.jdks\corretto-17.0.13\bin\jimage.dll
0x00007ffe22510000 - 0x00007ffe22742000 	C:\WINDOWS\SYSTEM32\DBGHELP.DLL
0x00007ffe2af70000 - 0x00007ffe2b2ff000 	C:\WINDOWS\System32\combase.dll
0x00007ffe2b5b0000 - 0x00007ffe2b687000 	C:\WINDOWS\System32\OLEAUT32.dll
0x00007ffe20940000 - 0x00007ffe20972000 	C:\WINDOWS\SYSTEM32\dbgcore.DLL
0x00007ffe2add0000 - 0x00007ffe2ae4b000 	C:\WINDOWS\System32\bcryptPrimitives.dll
0x00007ffdf4270000 - 0x00007ffdf4295000 	C:\Users\yojah\.jdks\corretto-17.0.13\bin\java.dll

dbghelp: loaded successfully - version: 4.0.5 - missing functions: none
symbol engine: initialized successfully - sym options: 0x614 - pdb path: .;C:\Users\yojah\.jdks\corretto-17.0.13\bin;C:\WINDOWS\SYSTEM32;C:\WINDOWS\WinSxS\amd64_microsoft.windows.common-controls_6595b64144ccf1df_6.0.22621.4391_none_2715d37f73803e96;C:\Users\yojah\.jdks\corretto-17.0.13\bin\server

VM Arguments:
jvm_args: -Dnet.bytebuddy.agent.attacher.dump= 
java_command: net.bytebuddy.agent.Attacher com.sun.tools.attach.VirtualMachine 18832 C:\Users\yojah\.m2\repository\net\bytebuddy\byte-buddy-agent\1.14.19\byte-buddy-agent-1.14.19.jar false 
java_class_path (initial): C:\Users\yojah\.m2\repository\net\bytebuddy\byte-buddy-agent\1.14.19\byte-buddy-agent-1.14.19.jar
Launcher Type: SUN_STANDARD

[Global flags]
     intx CICompilerCount                          = 12                                        {product} {ergonomic}
     uint ConcGCThreads                            = 3                                         {product} {ergonomic}
     uint G1ConcRefinementThreads                  = 13                                        {product} {ergonomic}
   size_t G1HeapRegionSize                         = 2097152                                   {product} {ergonomic}
    uintx GCDrainStackTargetSize                   = 64                                        {product} {ergonomic}
   size_t InitialHeapSize                          = 257949696                                 {product} {ergonomic}
   size_t MarkStackSize                            = 4194304                                   {product} {ergonomic}
   size_t MaxHeapSize                              = 4123000832                                {product} {ergonomic}
   size_t MinHeapDeltaBytes                        = 2097152                                   {product} {ergonomic}
   size_t MinHeapSize                              = 8388608                                   {product} {ergonomic}
    uintx NonNMethodCodeHeapSize                   = 7602480                                {pd product} {ergonomic}
    uintx NonProfiledCodeHeapSize                  = 122027880                              {pd product} {ergonomic}
    uintx ProfiledCodeHeapSize                     = 122027880                              {pd product} {ergonomic}
    uintx ReservedCodeCacheSize                    = 251658240                              {pd product} {ergonomic}
     bool SegmentedCodeCache                       = true                                      {product} {ergonomic}
   size_t SoftMaxHeapSize                          = 4123000832                             {manageable} {ergonomic}
     bool UseCompressedClassPointers               = true                           {product lp64_product} {ergonomic}
     bool UseCompressedOops                        = true                           {product lp64_product} {ergonomic}
     bool UseG1GC                                  = true                                      {product} {ergonomic}
     bool UseLargePagesIndividualAllocation        = false                                  {pd product} {ergonomic}

Logging:
Log output configuration:
 #0: stdout all=warning uptime,level,tags
 #1: stderr all=off uptime,level,tags

Environment Variables:
JAVA_HOME=C:\Program Files\Java\jdk-17
PATH=C:\Program Files\Common Files\Oracle\Java\javapath;C:\Windows\system32;C:\Windows;C:\Windows\System32\Wbem;C:\Windows\System32\WindowsPowerShell\v1.0\;C:\Windows\System32\OpenSSH\;C:\Program Files (x86)\NVIDIA Corporation\PhysX\Common;C:\Program Files\NVIDIA Corporation\NVIDIA NvDLISR;C:\Program Files\dotnet\;C:\Program Files\Microsoft SQL Server\Client SDK\ODBC\170\Tools\Binn\;C:\Program Files (x86)\Microsoft SQL Server\150\Tools\Binn\;C:\Program Files\Microsoft SQL Server\150\Tools\Binn\;C:\Program Files\Microsoft SQL Server\150\DTS\Binn\;C:\Program Files (x86)\Microsoft SQL Server\150\DTS\Binn\;C:\Program Files\Azure Data Studio\bin;C:\WINDOWS\system32;C:\WINDOWS;C:\WINDOWS\System32\Wbem;C:\WINDOWS\System32\WindowsPowerShell\v1.0\;C:\WINDOWS\System32\OpenSSH\;C:\Program Files\nodejs\;C:\Program Files\Git\cmd;C:\tools\apache-maven-3.9.9\bin;C:\Program Files\Java\jdk-17\bin;C:\Users\yojah\AppData\Local\Programs\Python\Python312\;C:\Users\yojah\AppData\Local\Programs\Python\Python312\Scripts;C:\Users\yojah\AppData\Local\Programs\Python\Launcher\;C:\Users\yojah\AppData\Local\Microsoft\WindowsApps;C:\Program Files\Azure Data Studio\bin;C:\Users\yojah\AppData\Local\Programs\Microsoft VS Code\bin;C:\Users\yojah\AppData\Roaming\npm;C:\Program Files\MongoDB\Server\6.0\bin;C:\Program Files\MongoDB\Server\7.0\bin;C:\mongosh-2.2.9\bin;;C:\Program Files\JetBrains\IntelliJ IDEA Community Edition 2024.2.3\bin;C:\Program Files\MongoDB\Server\7.0\bin;
USERNAME=yojah
OS=Windows_NT
PROCESSOR_IDENTIFIER=AMD64 Family 25 Model 80 Stepping 0, AuthenticAMD
TMP=C:\Users\yojah\AppData\Local\Temp
TEMP=C:\Users\yojah\AppData\Local\Temp



Periodic native trim disabled


---------------  S Y S T E M  ---------------

OS:
 Windows 11 , 64 bit Build 22621 (10.0.22621.4391)
OS uptime: 0 days 7:32 hours
Hyper-V role detected

CPU: total 16 (initial active 16) (16 cores per cpu, 2 threads per core) family 25 model 80 stepping 0 microcode 0x0, cx8, cmov, fxsr, ht, mmx, 3dnowpref, sse, sse2, sse3, ssse3, sse4a, sse4.1, sse4.2, popcnt, lzcnt, tsc, tscinvbit, avx, avx2, aes, erms, clmul, bmi1, bmi2, adx, sha, fma, vzeroupper, clflush, clflushopt, hv
Processor Information for processor 0
  Max Mhz: 3201, Current Mhz: 2555, Mhz Limit: 3201
Processor Information for processor 1
  Max Mhz: 3201, Current Mhz: 2555, Mhz Limit: 3201
Processor Information for processor 2
  Max Mhz: 3201, Current Mhz: 3201, Mhz Limit: 3201
Processor Information for processor 3
  Max Mhz: 3201, Current Mhz: 2555, Mhz Limit: 3201
Processor Information for processor 4
  Max Mhz: 3201, Current Mhz: 3201, Mhz Limit: 3201
Processor Information for processor 5
  Max Mhz: 3201, Current Mhz: 2555, Mhz Limit: 3201
Processor Information for processor 6
  Max Mhz: 3201, Current Mhz: 2555, Mhz Limit: 3201
Processor Information for processor 7
  Max Mhz: 3201, Current Mhz: 3201, Mhz Limit: 3201
Processor Information for processor 8
  Max Mhz: 3201, Current Mhz: 2555, Mhz Limit: 3201
Processor Information for processor 9
  Max Mhz: 3201, Current Mhz: 3201, Mhz Limit: 3201
Processor Information for processor 10
  Max Mhz: 3201, Current Mhz: 2555, Mhz Limit: 3201
Processor Information for processor 11
  Max Mhz: 3201, Current Mhz: 2555, Mhz Limit: 3201
Processor Information for processor 12
  Max Mhz: 3201, Current Mhz: 3201, Mhz Limit: 3201
Processor Information for processor 13
  Max Mhz: 3201, Current Mhz: 2555, Mhz Limit: 3201
Processor Information for processor 14
  Max Mhz: 3201, Current Mhz: 2555, Mhz Limit: 3201
Processor Information for processor 15
  Max Mhz: 3201, Current Mhz: 3201, Mhz Limit: 3201

Memory: 4k page, system-wide physical 15720M (1924M free)
TotalPageFile size 21442M (AvailPageFile size 5M)
current process WorkingSet (physical memory assigned to process): 11M, peak: 11M
current process commit charge ("private bytes"): 67M, peak: 68M

vm_info: OpenJDK 64-Bit Server VM (17.0.13+11-LTS) for windows-amd64 JRE (17.0.13+11-LTS), built on Oct 10 2024 19:51:30 by "Administrator" with MS VC++ 16.10 / 16.11 (VS2019)

END.
